  Compiling CUDA source file main.cpp...
  
  E:\VSProjects\Axpy_GPU\Axpy_GPU>"E:\CUDA_9.2\bin\nvcc.exe" -gencode=arch=compute_30,code=\"sm_30,compute_30\" --use-local-env -ccbin "E:\mvs\VC\bin\x86_amd64" -x cu  -IE:\CUDA_9.2\include -IE:\CUDA_9.2\include     --keep-dir x64\Release -maxrregcount=0  --machine 64 --compile -cudart static -Xcompiler "/openmp"    -DNDEBUG -D_CONSOLE -D_UNICODE -DUNICODE -Xcompiler "/EHsc /W3 /nologo /O2 /Fdx64\Release\vc140.pdb /FS /Zi  /MD " -o x64\Release\main.cpp.obj "E:\VSProjects\Axpy_GPU\Axpy_GPU\main.cpp" 
E:/VSProjects/Axpy_GPU/Axpy_GPU/main.cpp(63): warning : variable "a_d" was declared but never referenced
E:/VSProjects/Axpy_GPU/Axpy_GPU/main.cpp(63): warning : variable "x_d" was declared but never referenced
E:/VSProjects/Axpy_GPU/Axpy_GPU/main.cpp(63): warning : variable "x_gpu_d" was declared but never referenced
E:/VSProjects/Axpy_GPU/Axpy_GPU/main.cpp(63): warning : variable "y_d" was declared but never referenced
E:/VSProjects/Axpy_GPU/Axpy_GPU/main.cpp(63): warning : variable "y_gpu_d" was declared but never referenced
E:/VSProjects/Axpy_GPU/Axpy_GPU/main.cpp(63): warning : variable "res_d" was declared but never referenced
E:/VSProjects/Axpy_GPU/Axpy_GPU/main.cpp(63): warning : variable "res_omp_d" was declared but never referenced
E:/VSProjects/Axpy_GPU/Axpy_GPU/main.cpp(63): warning : variable "res_gpu_d" was declared but never referenced
E:/VSProjects/Axpy_GPU/Axpy_GPU/main.cpp(63): warning : variable "res_gpu_host_d" was declared but never referenced
E:/VSProjects/Axpy_GPU/Axpy_GPU/main.cpp(63): warning : variable "time_cpu_d" was declared but never referenced
E:/VSProjects/Axpy_GPU/Axpy_GPU/main.cpp(63): warning : variable "time_gpu_d" was declared but never referenced
E:/VSProjects/Axpy_GPU/Axpy_GPU/main.cpp(63): warning : variable "time_omp_d" was declared but never referenced
  main.cpp
E:/VSProjects/Axpy_GPU/Axpy_GPU/main.cpp(81): warning C4244: '=': conversion from 'double' to 'float', possible loss of data
E:/VSProjects/Axpy_GPU/Axpy_GPU/main.cpp(117): warning C4244: '=': conversion from 'int' to 'float', possible loss of data
E:/VSProjects/Axpy_GPU/Axpy_GPU/main.cpp(118): warning C4244: '=': conversion from 'int' to 'float', possible loss of data
E:/VSProjects/Axpy_GPU/Axpy_GPU/main.cpp(63): warning C4101: 'res_gpu_host_d': unreferenced local variable
E:/VSProjects/Axpy_GPU/Axpy_GPU/main.cpp(63): warning C4101: 'time_omp_d': unreferenced local variable
E:/VSProjects/Axpy_GPU/Axpy_GPU/main.cpp(63): warning C4101: 'time_cpu_d': unreferenced local variable
E:/VSProjects/Axpy_GPU/Axpy_GPU/main.cpp(63): warning C4101: 'y_d': unreferenced local variable
E:/VSProjects/Axpy_GPU/Axpy_GPU/main.cpp(63): warning C4101: 'res_gpu_d': unreferenced local variable
E:/VSProjects/Axpy_GPU/Axpy_GPU/main.cpp(63): warning C4101: 'y_gpu_d': unreferenced local variable
E:/VSProjects/Axpy_GPU/Axpy_GPU/main.cpp(63): warning C4101: 'a_d': unreferenced local variable
E:/VSProjects/Axpy_GPU/Axpy_GPU/main.cpp(63): warning C4101: 'time_gpu_d': unreferenced local variable
E:/VSProjects/Axpy_GPU/Axpy_GPU/main.cpp(63): warning C4101: 'x_gpu_d': unreferenced local variable
E:/VSProjects/Axpy_GPU/Axpy_GPU/main.cpp(63): warning C4101: 'res_d': unreferenced local variable
E:/VSProjects/Axpy_GPU/Axpy_GPU/main.cpp(63): warning C4101: 'x_d': unreferenced local variable
E:/VSProjects/Axpy_GPU/Axpy_GPU/main.cpp(63): warning C4101: 'res_omp_d': unreferenced local variable
  LINK : /LTCG specified but no code generation required; remove /LTCG from the link command line to improve linker performance
  Axpy_GPU.vcxproj -> E:\VSProjects\Axpy_GPU\x64\Release\Axpy_GPU.exe
  Axpy_GPU.vcxproj -> E:\VSProjects\Axpy_GPU\x64\Release\Axpy_GPU.pdb (Full PDB)
